0 info it worked if it ends with ok
1 verbose cli [ 'C:\\Program Files\\nodejs\\node.exe',
1 verbose cli   'C:\\Program Files\\nodejs\\node_modules\\npm\\bin\\npm-cli.js',
1 verbose cli   'run',
1 verbose cli   'dev:dist' ]
2 info using npm@3.10.10
3 info using node@v7.3.0
4 verbose run-script [ 'predev:dist', 'dev:dist', 'postdev:dist' ]
5 info lifecycle vue-demo@1.0.0~predev:dist: vue-demo@1.0.0
6 silly lifecycle vue-demo@1.0.0~predev:dist: no script for predev:dist, continuing
7 info lifecycle vue-demo@1.0.0~dev:dist: vue-demo@1.0.0
8 verbose lifecycle vue-demo@1.0.0~dev:dist: unsafe-perm in lifecycle true
9 verbose lifecycle vue-demo@1.0.0~dev:dist: PATH: C:\Program Files\nodejs\node_modules\npm\bin\node-gyp-bin;D:\GDU-mobile\node_modules\.bin;C:\Program Files (x86)\Common Files\NetSarang;C:\Windows\system32;C:\Windows;C:\Windows\System32\Wbem;C:\Windows\System32\WindowsPowerShell\v1.0\;C:\Program Files\nodejs\;D:\Program Files (x86)\Subversion\bin;D:\tortoise\bin;C:\Program Files (x86)\Subversion\bin;D:\Git\cmd;C:\Users\Administrator\AppData\Roaming\npm;E:\Microsoft VS Code\bin
10 verbose lifecycle vue-demo@1.0.0~dev:dist: CWD: D:\GDU-mobile
11 silly lifecycle vue-demo@1.0.0~dev:dist: Args: [ '/d /s /c', 'cross-env NODE_ENV=production gulp devDist' ]
12 silly lifecycle vue-demo@1.0.0~dev:dist: Returned: code: 1  signal: null
13 info lifecycle vue-demo@1.0.0~dev:dist: Failed to exec dev:dist script
14 verbose stack Error: vue-demo@1.0.0 dev:dist: `cross-env NODE_ENV=production gulp devDist`
14 verbose stack Exit status 1
14 verbose stack     at EventEmitter.<anonymous> (C:\Program Files\nodejs\node_modules\npm\lib\utils\lifecycle.js:255:16)
14 verbose stack     at emitTwo (events.js:106:13)
14 verbose stack     at EventEmitter.emit (events.js:191:7)
14 verbose stack     at ChildProcess.<anonymous> (C:\Program Files\nodejs\node_modules\npm\lib\utils\spawn.js:40:14)
14 verbose stack     at emitTwo (events.js:106:13)
14 verbose stack     at ChildProcess.emit (events.js:191:7)
14 verbose stack     at maybeClose (internal/child_process.js:885:16)
14 verbose stack     at Process.ChildProcess._handle.onexit (internal/child_process.js:226:5)
15 verbose pkgid vue-demo@1.0.0
16 verbose cwd D:\GDU-mobile
17 error Windows_NT 6.1.7601
18 error argv "C:\\Program Files\\nodejs\\node.exe" "C:\\Program Files\\nodejs\\node_modules\\npm\\bin\\npm-cli.js" "run" "dev:dist"
19 error node v7.3.0
20 error npm  v3.10.10
21 error code ELIFECYCLE
22 error vue-demo@1.0.0 dev:dist: `cross-env NODE_ENV=production gulp devDist`
22 error Exit status 1
23 error Failed at the vue-demo@1.0.0 dev:dist script 'cross-env NODE_ENV=production gulp devDist'.
23 error Make sure you have the latest version of node.js and npm installed.
23 error If you do, this is most likely a problem with the vue-demo package,
23 error not with npm itself.
23 error Tell the author that this fails on your system:
23 error     cross-env NODE_ENV=production gulp devDist
23 error You can get information on how to open an issue for this project with:
23 error     npm bugs vue-demo
23 error Or if that isn't available, you can get their info via:
23 error     npm owner ls vue-demo
23 error There is likely additional logging output above.
24 verbose exit [ 1, true ]
